commit 23ffd340470d0e9f9cb38201be0a9e2b7216bcd6
Merge: dacfbf0 4771a4b
Author: Aleks Czarnecki <aleks.czarnecki@student.put.poznan.pl>
Date:   Thu Oct 23 17:44:41 2025 +0200

    README.md marge rozbieznych wersji

commit dacfbf0405df6649feb71f395d328f2f8b86fedd
Author: Aleks Czarnecki <aleks.czarnecki@student.put.poznan.pl>
Date:   Thu Oct 23 17:39:42 2025 +0200

    README.md zmieniono rok

commit 4771a4bbc9f8ea83cfb4c360c1ccc4e55f55381e
Author: Aleks <148542155+Al3xBlack0ut@users.noreply.github.com>
Date:   Thu Oct 23 17:39:02 2025 +0200

    README.md zmieniono miesiąc

commit 735e657e5e8ec543a8d868961c2e0efe76923b71
Merge: 19f85a1 0b63db8
Author: Aleks <148542155+Al3xBlack0ut@users.noreply.github.com>
Date:   Thu Oct 23 17:36:57 2025 +0200

    Scalenie nowa_galaz z main
    
    Nowa galaz

commit 0b63db8d221db07e5064351201bb4bfd3bf90604
Author: Aleks Czarnecki <aleks.czarnecki@student.put.poznan.pl>
Date:   Thu Oct 23 17:30:33 2025 +0200

    README.md zmieniono datę na jutro

commit da40ae70c41f80c162ed1a01af21d8476a0ec94c
Author: Aleks Czarnecki <aleks.czarnecki@student.put.poznan.pl>
Date:   Thu Oct 23 17:29:59 2025 +0200

    Program.java zmieniono klase na Alpaka

commit 35688cb266157e68a07a1ab0d2dc87232aab4294
Author: Aleks Czarnecki <aleks.czarnecki@student.put.poznan.pl>
Date:   Thu Oct 23 17:29:03 2025 +0200

    README.md dopisano godzinę

commit 19f85a1fbcd1c636c247b3cf496d5037677d8089
Author: Aleks <148542155+Al3xBlack0ut@users.noreply.github.com>
Date:   Thu Oct 23 17:25:41 2025 +0200

    README.md dodanie daty

commit 11434861e2d68f210307e7ab91e7ee64a1880c66
Author: Aleks Czarnecki <aleks.czarnecki@student.put.poznan.pl>
Date:   Thu Oct 23 17:22:57 2025 +0200

    Dodano plik Program.java - klasa lama

commit 5a5d808edefa57bad920e0d130dc4d99656c9728
Author: Aleks Czarnecki <aleks.czarnecki@student.put.poznan.pl>
Date:   Thu Oct 23 17:09:54 2025 +0200

    README.md zmiana zawartości

commit f88d2d549488ac34744cbb7091e71cdfcbe28ff0
Author: Aleks <148542155+Al3xBlack0ut@users.noreply.github.com>
Date:   Thu Oct 23 17:00:53 2025 +0200

    Initial commit
